<?xml version="1.0" encoding="UTF-8"?>
<testsuite xmlns:xsi="http://www.w3.org/2001/XMLSchema-instance" xsi:noNamespaceSchemaLocation="https://maven.apache.org/surefire/maven-surefire-plugin/xsd/surefire-test-report-3.0.xsd" version="3.0" name="com.ensias.springdatarest.VoitureRepoTest" time="2.008" tests="2" errors="0" skipped="0" failures="0">
  <properties>
[...]
</properties>
  <testcase name="ajouterVoiture" classname="com.ensias.springdatarest.VoitureRepoTest" time="0.04">
    <system-out><![CDATA[2024-10-23T10:52:08.385+01:00  INFO 13948 --- [SpringDataRest] [           main] t.c.s.AnnotationConfigContextLoaderUtils : Could not detect default configuration classes for test class [com.ensias.springdatarest.VoitureRepoTest]: VoitureRepoTest does not declare any static, non-private, non-final, nested classes annotated with @Configuration.
2024-10-23T10:52:08.472+01:00  INFO 13948 --- [SpringDataRest] [           main] .b.t.c.SpringBootTestContextBootstrapper : Found @SpringBootConfiguration com.ensias.springdatarest.SpringDataRestApplication for test class com.ensias.springdatarest.VoitureRepoTest

  .   ____          _            __ _ _
 /\\ / ___'_ __ _ _(_)_ __  __ _ \ \ \ \
( ( )\___ | '_ | '_| | '_ \/ _` | \ \ \ \
 \\/  ___)| |_)| | | | | || (_| |  ) ) ) )
  '  |____| .__|_| |_|_| |_\__, | / / / /
 =========|_|==============|___/=/_/_/_/

 :: Spring Boot ::                (v3.3.4)

2024-10-23T10:52:08.564+01:00  INFO 13948 --- [SpringDataRest] [           main] c.ensias.springdatarest.VoitureRepoTest  : Starting VoitureRepoTest using Java 17.0.11 with PID 13948 (started by user in C:\Users\user\Downloads\SpringDataRest-master)
2024-10-23T10:52:08.565+01:00  INFO 13948 --- [SpringDataRest] [           main] c.ensias.springdatarest.VoitureRepoTest  : No active profile set, falling back to 1 default profile: "default"
2024-10-23T10:52:08.743+01:00  INFO 13948 --- [SpringDataRest] [           main] .s.d.r.c.RepositoryConfigurationDelegate : Bootstrapping Spring Data JPA repositories in DEFAULT mode.
2024-10-23T10:52:08.761+01:00  INFO 13948 --- [SpringDataRest] [           main] .s.d.r.c.RepositoryConfigurationDelegate : Finished Spring Data repository scanning in 17 ms. Found 2 JPA repository interfaces.
2024-10-23T10:52:08.794+01:00  INFO 13948 --- [SpringDataRest] [           main] beddedDataSourceBeanFactoryPostProcessor : Replacing 'dataSource' DataSource bean with embedded version
2024-10-23T10:52:08.849+01:00  INFO 13948 --- [SpringDataRest] [           main] o.s.j.d.e.EmbeddedDatabaseFactory        : Starting embedded database: url='jdbc:h2:mem:3379f713-fcb6-4022-98e2-9e2c80ef87cb;DB_CLOSE_DELAY=-1;DB_CLOSE_ON_EXIT=false', username='sa'
2024-10-23T10:52:09.406+01:00  INFO 13948 --- [SpringDataRest] [           main] o.hibernate.jpa.internal.util.LogHelper  : HHH000204: Processing PersistenceUnitInfo [name: default]
2024-10-23T10:52:09.415+01:00  INFO 13948 --- [SpringDataRest] [           main] o.h.c.internal.RegionFactoryInitiator    : HHH000026: Second-level cache disabled
2024-10-23T10:52:09.447+01:00  INFO 13948 --- [SpringDataRest] [           main] o.s.o.j.p.SpringPersistenceUnitInfo      : No LoadTimeWeaver setup: ignoring JPA class transformer
2024-10-23T10:52:09.722+01:00  INFO 13948 --- [SpringDataRest] [           main] o.h.e.t.j.p.i.JtaPlatformInitiator       : HHH000489: No JTA platform available (set 'hibernate.transaction.jta.platform' to enable JTA platform integration)
Hibernate: create table proprietaire (id bigint not null, nom varchar(255) not null, prenom varchar(255) not null, primary key (id))
Hibernate: create table voiture (id bigint not null, annee integer not null, couleur varchar(255), immatricule varchar(255), marque varchar(255), modele varchar(255), prix integer not null, proprietaire bigint, primary key (id))
Hibernate: create sequence proprietaire_seq start with 1 increment by 50
Hibernate: create sequence voiture_seq start with 1 increment by 50
Hibernate: alter table if exists voiture add constraint FK6tgsche1l5l6at7s5461owmj8 foreign key (proprietaire) references proprietaire
2024-10-23T10:52:09.769+01:00  INFO 13948 --- [SpringDataRest] [           main] j.LocalContainerEntityManagerFactoryBean : Initialized JPA EntityManagerFactory for persistence unit 'default'
2024-10-23T10:52:09.896+01:00  INFO 13948 --- [SpringDataRest] [           main] c.ensias.springdatarest.VoitureRepoTest  : Started VoitureRepoTest in 1.417 seconds (process running for 20.975)
Hibernate: select next value for proprietaire_seq
Hibernate: insert into proprietaire (nom,prenom,id) values (?,?,?)
Hibernate: select next value for proprietaire_seq
Hibernate: insert into proprietaire (nom,prenom,id) values (?,?,?)
Hibernate: select next value for voiture_seq
Hibernate: insert into voiture (annee,couleur,immatricule,marque,modele,prix,proprietaire,id) values (?,?,?,?,?,?,?,?)
Hibernate: select next value for voiture_seq
Hibernate: insert into voiture (annee,couleur,immatricule,marque,modele,prix,proprietaire,id) values (?,?,?,?,?,?,?,?)
Hibernate: insert into voiture (annee,couleur,immatricule,marque,modele,prix,proprietaire,id) values (?,?,?,?,?,?,?,?)
Hibernate: insert into voiture (annee,couleur,immatricule,marque,modele,prix,proprietaire,id) values (?,?,?,?,?,?,?,?)
]]></system-out>
  </testcase>
  <testcase name="supprimerVoiture" classname="com.ensias.springdatarest.VoitureRepoTest" time="0.392">
    <system-out><![CDATA[Hibernate: insert into voiture (annee,couleur,immatricule,marque,modele,prix,proprietaire,id) values (?,?,?,?,?,?,?,?)
Hibernate: insert into voiture (annee,couleur,immatricule,marque,modele,prix,proprietaire,id) values (?,?,?,?,?,?,?,?)
Hibernate: select v1_0.id,v1_0.annee,v1_0.couleur,v1_0.immatricule,v1_0.marque,v1_0.modele,v1_0.prix,v1_0.proprietaire from voiture v1_0
Hibernate: delete from voiture where id=?
Hibernate: delete from voiture where id=?
Hibernate: delete from voiture where id=?
Hibernate: delete from voiture where id=?
Hibernate: delete from voiture where id=?
Hibernate: select v1_0.id,v1_0.annee,v1_0.couleur,v1_0.immatricule,v1_0.marque,v1_0.modele,v1_0.prix,v1_0.proprietaire from voiture v1_0
]]></system-out>
  </testcase>
</testsuite>